生成启动时间为 2018/1/10 13:36:59。
     1>项目“D:\Project\b0080\trunk\Led5kSDK\Led5kSDKDemo\Led5kSDKDemo.vcxproj”在节点 2 上(build 个目标)。
     1>InitializeBuildStatus:
         正在创建“Debug\Led5kSDKDemo.unsuccessfulbuild”，因为已指定“AlwaysCreate”。
       ClCompile:
         所有输出均为最新。
         所有输出均为最新。
       ResourceCompile:
         所有输出均为最新。
       ManifestResourceCompile:
         所有输出均为最新。
       Link:
         C:\Program Files (x86)\Microsoft Visual Studio 10.0\VC\bin\link.exe /ERRORREPORT:PROMPT /OUT:"D:\Project\b0080\trunk\Led5kSDK\Debug\Led5kSDKDemo.exe" /INCREMENTAL /NOLOGO /MANIFEST /ManifestFile:"Debug\Led5kSDKDemo.exe.intermediate.manifest" /MANIFESTUAC:"level='asInvoker' uiAccess='false'" /DEBUG /PDB:"D:\Project\b0080\trunk\Led5kSDK\Debug\Led5kSDKDemo.pdb" /SUBSYSTEM:WINDOWS /TLBID:1 /ENTRY:"wWinMainCRTStartup" /DYNAMICBASE /NXCOMPAT /IMPLIB:"D:\Project\b0080\trunk\Led5kSDK\Debug\Led5kSDKDemo.lib" /MACHINE:X86 Debug\Led5kSDKDemo.res
         Debug\Led5kSDKDemo.exe.embed.manifest.res
         Debug\AreaDlg.obj
         Debug\Led5kSDKDemo.obj
         Debug\Led5kSDKDemoDlg.obj
         Debug\ProgramDlg.obj
         Debug\SoundAreaDlg.obj
         Debug\StaticAreaDlg.obj
         Debug\stdafx.obj
     1>LINK : warning LNK4098: 默认库“MSVCRT”与其他库的使用冲突；请使用 /NODEFAULTLIB:library
       Manifest:
         C:\Program Files (x86)\Microsoft SDKs\Windows\v7.0A\bin\mt.exe /nologo /verbose /out:"Debug\Led5kSDKDemo.exe.embed.manifest" /manifest Debug\Led5kSDKDemo.exe.intermediate.manifest "C:\Program Files (x86)\Microsoft Visual Studio 10.0\VC\Include\Manifest\dpiaware.manifest"
         所有输出均为最新。
       LinkEmbedManifest:
         所有输出均为最新。
         Led5kSDKDemo.vcxproj -> D:\Project\b0080\trunk\Led5kSDK\Debug\Led5kSDKDemo.exe
       FinalizeBuildStatus:
         正在删除文件“Debug\Led5kSDKDemo.unsuccessfulbuild”。
         正在对“Debug\Led5kSDKDemo.lastbuildstate”执行 Touch 任务。
     1>已完成生成项目“D:\Project\b0080\trunk\Led5kSDK\Led5kSDKDemo\Led5kSDKDemo.vcxproj”(build 个目标)的操作。

生成成功。

已用时间 00:00:04.57
