[ERROR] [2017-04-26 15:05:37,609] [org.hibernate.tool.hbm2ddl.SchemaUpdate] HHH000388: Unsuccessful: alter table ASRSCOMMAND add PARAM varchar2(255 char)
[ERROR] [2017-04-26 15:05:37,616] [org.hibernate.tool.hbm2ddl.SchemaUpdate] ORA-01430: 表中已存在要添加的列

[ERROR] [2017-04-26 15:05:37,671] [org.hibernate.tool.hbm2ddl.SchemaUpdate] HHH000388: Unsuccessful: alter table ASRSJOBLOG add PLCNAME varchar2(255 char)
[ERROR] [2017-04-26 15:05:37,672] [org.hibernate.tool.hbm2ddl.SchemaUpdate] ORA-01430: 表中已存在要添加的列

[ERROR] [2017-04-26 15:05:37,725] [org.hibernate.tool.hbm2ddl.SchemaUpdate] HHH000388: Unsuccessful: alter table LOCATION add AISLE number(10,0)
[ERROR] [2017-04-26 15:05:37,725] [org.hibernate.tool.hbm2ddl.SchemaUpdate] ORA-01430: 表中已存在要添加的列

[ERROR] [2017-04-26 15:05:37,776] [org.hibernate.tool.hbm2ddl.SchemaUpdate] HHH000388: Unsuccessful: alter table LOCATION add BANK number(10,0)
[ERROR] [2017-04-26 15:05:37,777] [org.hibernate.tool.hbm2ddl.SchemaUpdate] ORA-01430: 表中已存在要添加的列

[ERROR] [2017-04-26 15:05:37,837] [org.hibernate.tool.hbm2ddl.SchemaUpdate] HHH000388: Unsuccessful: alter table LOCATION add BAY number(10,0)
[ERROR] [2017-04-26 15:05:37,838] [org.hibernate.tool.hbm2ddl.SchemaUpdate] ORA-01430: 表中已存在要添加的列

[ERROR] [2017-04-26 15:05:37,894] [org.hibernate.tool.hbm2ddl.SchemaUpdate] HHH000388: Unsuccessful: alter table LOCATION add HEIGHT varchar2(255 char)
[ERROR] [2017-04-26 15:05:37,894] [org.hibernate.tool.hbm2ddl.SchemaUpdate] ORA-01430: 表中已存在要添加的列

[ERROR] [2017-04-26 15:05:37,952] [org.hibernate.tool.hbm2ddl.SchemaUpdate] HHH000388: Unsuccessful: alter table LOCATION add "LEVEL" number(10,0)
[ERROR] [2017-04-26 15:05:37,952] [org.hibernate.tool.hbm2ddl.SchemaUpdate] ORA-01430: 表中已存在要添加的列

[ERROR] [2017-04-26 15:05:38,001] [org.hibernate.tool.hbm2ddl.SchemaUpdate] HHH000388: Unsuccessful: alter table LOCATION add LOCATIONNO varchar2(255 char)
[ERROR] [2017-04-26 15:05:38,002] [org.hibernate.tool.hbm2ddl.SchemaUpdate] ORA-01430: 表中已存在要添加的列

[ERROR] [2017-04-26 15:05:38,053] [org.hibernate.tool.hbm2ddl.SchemaUpdate] HHH000388: Unsuccessful: alter table LOCATION add ORIENTATION varchar2(255 char)
[ERROR] [2017-04-26 15:05:38,053] [org.hibernate.tool.hbm2ddl.SchemaUpdate] ORA-01430: 表中已存在要添加的列

[ERROR] [2017-04-26 15:05:38,116] [org.hibernate.tool.hbm2ddl.SchemaUpdate] HHH000388: Unsuccessful: alter table LOCATION add SEQ number(10,0)
[ERROR] [2017-04-26 15:05:38,116] [org.hibernate.tool.hbm2ddl.SchemaUpdate] ORA-01430: 表中已存在要添加的列

[ERROR] [2017-04-26 15:05:38,168] [org.hibernate.tool.hbm2ddl.SchemaUpdate] HHH000388: Unsuccessful: alter table LOCATION add "SIZE" varchar2(255 char)
[ERROR] [2017-04-26 15:05:38,168] [org.hibernate.tool.hbm2ddl.SchemaUpdate] ORA-01430: 表中已存在要添加的列

[ERROR] [2017-04-26 15:05:38,222] [org.hibernate.tool.hbm2ddl.SchemaUpdate] HHH000388: Unsuccessful: alter table LOCATION add WIDTH varchar2(255 char)
[ERROR] [2017-04-26 15:05:38,222] [org.hibernate.tool.hbm2ddl.SchemaUpdate] ORA-01430: 表中已存在要添加的列

[ERROR] [2017-04-26 15:05:38,273] [org.hibernate.tool.hbm2ddl.SchemaUpdate] HHH000388: Unsuccessful: alter table ROUTE add STATUS varchar2(255 char)
[ERROR] [2017-04-26 15:05:38,273] [org.hibernate.tool.hbm2ddl.SchemaUpdate] ORA-01430: 表中已存在要添加的列

[ERROR] [2017-04-26 15:05:38,325] [org.hibernate.tool.hbm2ddl.SchemaUpdate] HHH000388: Unsuccessful: alter table ROUTE add TYPE varchar2(255 char)
[ERROR] [2017-04-26 15:05:38,329] [org.hibernate.tool.hbm2ddl.SchemaUpdate] ORA-01430: 表中已存在要添加的列

[ERROR] [2017-04-26 15:05:38,379] [org.hibernate.tool.hbm2ddl.SchemaUpdate] HHH000388: Unsuccessful: alter table STATION add STATIONNO varchar2(255 char) not null
[ERROR] [2017-04-26 15:05:38,379] [org.hibernate.tool.hbm2ddl.SchemaUpdate] ORA-01430: 表中已存在要添加的列

[ERROR] [2017-04-26 15:05:38,444] [org.hibernate.tool.hbm2ddl.SchemaUpdate] HHH000388: Unsuccessful: alter table STATION add MODECHANGETIME timestamp
[ERROR] [2017-04-26 15:05:38,444] [org.hibernate.tool.hbm2ddl.SchemaUpdate] ORA-01430: 表中已存在要添加的列

[ERROR] [2017-04-26 15:05:38,497] [org.hibernate.tool.hbm2ddl.SchemaUpdate] HHH000388: Unsuccessful: alter table STATION add OLDMODE varchar2(255 char)
[ERROR] [2017-04-26 15:05:38,498] [org.hibernate.tool.hbm2ddl.SchemaUpdate] ORA-01430: 表中已存在要添加的列

[ERROR] [2017-04-26 15:05:38,563] [org.hibernate.tool.hbm2ddl.SchemaUpdate] HHH000388: Unsuccessful: alter table STATION add PROXYSTATION varchar2(255 char)
[ERROR] [2017-04-26 15:05:38,563] [org.hibernate.tool.hbm2ddl.SchemaUpdate] ORA-01430: 表中已存在要添加的列

[ERROR] [2017-04-26 15:05:51,779] [org.hibernate.engine.jdbc.spi.SqlExceptionHelper] ORA-00936: 缺失表达式

[ERROR] [2017-04-26 15:06:46,929] [org.hibernate.tool.hbm2ddl.SchemaUpdate] HHH000388: Unsuccessful: alter table ASRSCOMMAND add PARAM varchar2(255 char)
[ERROR] [2017-04-26 15:06:46,930] [org.hibernate.tool.hbm2ddl.SchemaUpdate] ORA-01430: 表中已存在要添加的列

[ERROR] [2017-04-26 15:06:46,989] [org.hibernate.tool.hbm2ddl.SchemaUpdate] HHH000388: Unsuccessful: alter table ASRSJOBLOG add PLCNAME varchar2(255 char)
[ERROR] [2017-04-26 15:06:46,989] [org.hibernate.tool.hbm2ddl.SchemaUpdate] ORA-01430: 表中已存在要添加的列

[ERROR] [2017-04-26 15:06:47,046] [org.hibernate.tool.hbm2ddl.SchemaUpdate] HHH000388: Unsuccessful: alter table LOCATION add AISLE number(10,0)
[ERROR] [2017-04-26 15:06:47,047] [org.hibernate.tool.hbm2ddl.SchemaUpdate] ORA-01430: 表中已存在要添加的列

[ERROR] [2017-04-26 15:06:47,105] [org.hibernate.tool.hbm2ddl.SchemaUpdate] HHH000388: Unsuccessful: alter table LOCATION add BANK number(10,0)
[ERROR] [2017-04-26 15:06:47,106] [org.hibernate.tool.hbm2ddl.SchemaUpdate] ORA-01430: 表中已存在要添加的列

[ERROR] [2017-04-26 15:06:47,159] [org.hibernate.tool.hbm2ddl.SchemaUpdate] HHH000388: Unsuccessful: alter table LOCATION add BAY number(10,0)
[ERROR] [2017-04-26 15:06:47,159] [org.hibernate.tool.hbm2ddl.SchemaUpdate] ORA-01430: 表中已存在要添加的列

[ERROR] [2017-04-26 15:06:47,212] [org.hibernate.tool.hbm2ddl.SchemaUpdate] HHH000388: Unsuccessful: alter table LOCATION add HEIGHT varchar2(255 char)
[ERROR] [2017-04-26 15:06:47,212] [org.hibernate.tool.hbm2ddl.SchemaUpdate] ORA-01430: 表中已存在要添加的列

[ERROR] [2017-04-26 15:06:47,267] [org.hibernate.tool.hbm2ddl.SchemaUpdate] HHH000388: Unsuccessful: alter table LOCATION add "LEVEL" number(10,0)
[ERROR] [2017-04-26 15:06:47,267] [org.hibernate.tool.hbm2ddl.SchemaUpdate] ORA-01430: 表中已存在要添加的列

[ERROR] [2017-04-26 15:06:47,327] [org.hibernate.tool.hbm2ddl.SchemaUpdate] HHH000388: Unsuccessful: alter table LOCATION add LOCATIONNO varchar2(255 char)
[ERROR] [2017-04-26 15:06:47,327] [org.hibernate.tool.hbm2ddl.SchemaUpdate] ORA-01430: 表中已存在要添加的列

[ERROR] [2017-04-26 15:06:47,380] [org.hibernate.tool.hbm2ddl.SchemaUpdate] HHH000388: Unsuccessful: alter table LOCATION add ORIENTATION varchar2(255 char)
[ERROR] [2017-04-26 15:06:47,380] [org.hibernate.tool.hbm2ddl.SchemaUpdate] ORA-01430: 表中已存在要添加的列

[ERROR] [2017-04-26 15:06:47,432] [org.hibernate.tool.hbm2ddl.SchemaUpdate] HHH000388: Unsuccessful: alter table LOCATION add SEQ number(10,0)
[ERROR] [2017-04-26 15:06:47,432] [org.hibernate.tool.hbm2ddl.SchemaUpdate] ORA-01430: 表中已存在要添加的列

[ERROR] [2017-04-26 15:06:47,499] [org.hibernate.tool.hbm2ddl.SchemaUpdate] HHH000388: Unsuccessful: alter table LOCATION add "SIZE" varchar2(255 char)
[ERROR] [2017-04-26 15:06:47,500] [org.hibernate.tool.hbm2ddl.SchemaUpdate] ORA-01430: 表中已存在要添加的列

[ERROR] [2017-04-26 15:06:47,552] [org.hibernate.tool.hbm2ddl.SchemaUpdate] HHH000388: Unsuccessful: alter table LOCATION add WIDTH varchar2(255 char)
[ERROR] [2017-04-26 15:06:47,552] [org.hibernate.tool.hbm2ddl.SchemaUpdate] ORA-01430: 表中已存在要添加的列

[ERROR] [2017-04-26 15:06:47,602] [org.hibernate.tool.hbm2ddl.SchemaUpdate] HHH000388: Unsuccessful: alter table ROUTE add STATUS varchar2(255 char)
[ERROR] [2017-04-26 15:06:47,602] [org.hibernate.tool.hbm2ddl.SchemaUpdate] ORA-01430: 表中已存在要添加的列

[ERROR] [2017-04-26 15:06:47,656] [org.hibernate.tool.hbm2ddl.SchemaUpdate] HHH000388: Unsuccessful: alter table ROUTE add TYPE varchar2(255 char)
[ERROR] [2017-04-26 15:06:47,662] [org.hibernate.tool.hbm2ddl.SchemaUpdate] ORA-01430: 表中已存在要添加的列

[ERROR] [2017-04-26 15:06:47,714] [org.hibernate.tool.hbm2ddl.SchemaUpdate] HHH000388: Unsuccessful: alter table STATION add STATIONNO varchar2(255 char) not null
[ERROR] [2017-04-26 15:06:47,714] [org.hibernate.tool.hbm2ddl.SchemaUpdate] ORA-01430: 表中已存在要添加的列

[ERROR] [2017-04-26 15:06:47,760] [org.hibernate.tool.hbm2ddl.SchemaUpdate] HHH000388: Unsuccessful: alter table STATION add MODECHANGETIME timestamp
[ERROR] [2017-04-26 15:06:47,760] [org.hibernate.tool.hbm2ddl.SchemaUpdate] ORA-01430: 表中已存在要添加的列

[ERROR] [2017-04-26 15:06:47,820] [org.hibernate.tool.hbm2ddl.SchemaUpdate] HHH000388: Unsuccessful: alter table STATION add OLDMODE varchar2(255 char)
[ERROR] [2017-04-26 15:06:47,820] [org.hibernate.tool.hbm2ddl.SchemaUpdate] ORA-01430: 表中已存在要添加的列

[ERROR] [2017-04-26 15:06:47,873] [org.hibernate.tool.hbm2ddl.SchemaUpdate] HHH000388: Unsuccessful: alter table STATION add PROXYSTATION varchar2(255 char)
[ERROR] [2017-04-26 15:06:47,873] [org.hibernate.tool.hbm2ddl.SchemaUpdate] ORA-01430: 表中已存在要添加的列

